2026-04-11T14:46:35.345+05:30  INFO 4444 --- [appointmentBooking ] [main] c.a.a.AppointmentBookingApplication      : Starting AppointmentBookingApplication using Java 21.0.5 with PID 4444 (F:\AppoinmentSystem\AppoinmentBookingSystem\appointmentBooking_\target\classes started by ANIL in F:\AppoinmentSystem\AppoinmentBookingSystem)
2026-04-11T14:46:35.351+05:30  INFO 4444 --- [appointmentBooking ] [main] c.a.a.AppointmentBookingApplication      : No active profile set, falling back to 1 default profile: "default"
2026-04-11T14:46:36.534+05:30  INFO 4444 --- [appointmentBooking ] [main] .s.d.r.c.RepositoryConfigurationDelegate : Bootstrapping Spring Data JPA repositories in DEFAULT mode.
2026-04-11T14:46:36.612+05:30  INFO 4444 --- [appointmentBooking ] [main] .s.d.r.c.RepositoryConfigurationDelegate : Finished Spring Data repository scanning in 59 ms. Found 3 JPA repository interfaces.
2026-04-11T14:46:37.270+05:30  INFO 4444 --- [appointmentBooking ] [main] o.s.boot.tomcat.TomcatWebServer          : Tomcat initialized with port 8080 (http)
2026-04-11T14:46:37.286+05:30  INFO 4444 --- [appointmentBooking ] [main] o.apache.catalina.core.StandardService   : Starting service [Tomcat]
2026-04-11T14:46:37.288+05:30  INFO 4444 --- [appointmentBooking ] [main] o.apache.catalina.core.StandardEngine    : Starting Servlet engine: [Apache Tomcat/11.0.20]
2026-04-11T14:46:37.359+05:30  INFO 4444 --- [appointmentBooking ] [main] b.w.c.s.WebApplicationContextInitializer : Root WebApplicationContext: initialization completed in 1911 ms
2026-04-11T14:46:37.535+05:30  INFO 4444 --- [appointmentBooking ] [main] org.hibernate.orm.jpa                    : HHH008540: Processing PersistenceUnitInfo [name: default]
2026-04-11T14:46:37.610+05:30  INFO 4444 --- [appointmentBooking ] [main] org.hibernate.orm.core                   : HHH000001: Hibernate ORM core version 7.2.7.Final
2026-04-11T14:46:38.168+05:30  INFO 4444 --- [appointmentBooking ] [main] o.s.o.j.p.SpringPersistenceUnitInfo      : No LoadTimeWeaver setup: ignoring JPA class transformer
2026-04-11T14:46:38.206+05:30  INFO 4444 --- [appointmentBooking ] [main] com.zaxxer.hikari.HikariDataSource       : HikariPool-1 - Starting...
2026-04-11T14:46:38.642+05:30  INFO 4444 --- [appointmentBooking ] [main] com.zaxxer.hikari.pool.HikariPool        : HikariPool-1 - Added connection com.mysql.cj.jdbc.ConnectionImpl@464a3430
2026-04-11T14:46:38.644+05:30  INFO 4444 --- [appointmentBooking ] [main] com.zaxxer.hikari.HikariDataSource       : HikariPool-1 - Start completed.
2026-04-11T14:46:38.722+05:30  WARN 4444 --- [appointmentBooking ] [main] org.hibernate.orm.deprecation            : HHH90000025: MySQLDialect does not need to be specified explicitly using 'hibernate.dialect' (remove the property setting and it will be selected by default)
2026-04-11T14:46:38.742+05:30  INFO 4444 --- [appointmentBooking ] [main] org.hibernate.orm.connections.pooling    : HHH10001005: Database info:
	Database JDBC URL [jdbc:mysql://localhost:3306/appointment_db]
	Database driver: MySQL Connector/J
	Database dialect: MySQLDialect
	Database version: 8.0.37
	Default catalog/schema: appointment_db/undefined
	Autocommit mode: undefined/unknown
	Isolation level: REPEATABLE_READ [default REPEATABLE_READ]
	JDBC fetch size: none
	Pool: DataSourceConnectionProvider
	Minimum pool size: undefined/unknown
	Maximum pool size: undefined/unknown
2026-04-11T14:46:39.882+05:30  INFO 4444 --- [appointmentBooking ] [main] org.hibernate.orm.core                   : HHH000489: No JTA platform available (set 'hibernate.transaction.jta.platform' to enable JTA platform integration)
2026-04-11T14:46:40.038+05:30  INFO 4444 --- [appointmentBooking ] [main] j.LocalContainerEntityManagerFactoryBean : Initialized JPA EntityManagerFactory for persistence unit 'default'
2026-04-11T14:46:40.125+05:30  INFO 4444 --- [appointmentBooking ] [main] o.s.d.j.r.query.QueryEnhancerFactories   : Hibernate is in classpath; If applicable, HQL parser will be used.
2026-04-11T14:46:40.450+05:30  WARN 4444 --- [appointmentBooking ] [main] JpaBaseConfiguration$JpaWebConfiguration : spring.jpa.open-in-view is enabled by default. Therefore, database queries may be performed during view rendering. Explicitly configure spring.jpa.open-in-view to disable this warning
2026-04-11T14:46:40.548+05:30  INFO 4444 --- [appointmentBooking ] [main] r$InitializeUserDetailsManagerConfigurer : Global AuthenticationManager configured with UserDetailsService bean with name customUserDetailsService
2026-04-11T14:46:41.063+05:30  INFO 4444 --- [appointmentBooking ] [main] o.s.boot.tomcat.TomcatWebServer          : Tomcat started on port 8080 (http) with context path '/'
2026-04-11T14:46:41.070+05:30  INFO 4444 --- [appointmentBooking ] [main] c.a.a.AppointmentBookingApplication      : Started AppointmentBookingApplication in 6.612 seconds (process running for 7.409)
